<?xml version="1.0" encoding="UTF-8"?>
<!-- Generated by org.testng.reporters.JUnitReportReporter -->
<testsuite hostname="DESKTOP-GH9PSVH" failures="0" tests="7" name="testnggroups.TestNG_Groups" time="0.023" errors="0" timestamp="2021-03-25T00:13:56 IST" skipped="0">
  <testcase classname="testnggroups.TestNG_Groups" name="Test4" time="0.002"/>
  <system-out/>
  <testcase classname="testnggroups.TestNG_Groups" name="Test5" time="0.002"/>
  <system-out/>
  <testcase classname="testnggroups.TestNG_Groups" name="Test7" time="0.002"/>
  <system-out/>
  <testcase classname="testnggroups.TestNG_Groups" name="Test2" time="0.001"/>
  <system-out/>
  <testcase classname="testnggroups.TestNG_Groups" name="Test6" time="0.001"/>
  <system-out/>
  <testcase classname="testnggroups.TestNG_Groups" name="Test3" time="0.006"/>
  <system-out/>
  <testcase classname="testnggroups.TestNG_Groups" name="Test1" time="0.009"/>
  <system-out/>
</testsuite> <!-- testnggroups.TestNG_Groups -->
